<?xml version="1.0" encoding="UTF-8"?>
<!-- Generated by org.testng.reporters.JUnitReportReporter -->
<testsuite skipped="0" hostname="HarshitMansukhJethvas-MacBook-Air.local" name="Academy_practice.E2Eproject_practice.ValidateNavBar" tests="1" failures="0" timestamp="27 Jun 2021 10:52:02 GMT" time="0.334" errors="0">
  <testcase name="basepagenavigation" time="0.334" classname="Academy_practice.E2Eproject_practice.ValidateNavBar"/>
</testsuite> <!-- Academy_practice.E2Eproject_practice.ValidateNavBar -->
