<?xml version="1.0" encoding="UTF-8"?>
<!-- Generated by org.testng.reporters.JUnitReportReporter -->
<testsuite skipped="0" hostname="HarshitMansukhJethvas-MacBook-Air.local" name="Academy_practice.E2Eproject_practice.AppTest" tests="1" failures="0" timestamp="09 Jun 2021 03:28:52 GMT" time="0.001" errors="0">
  <testcase name="shouldAnswerWithTrue" time="0.001" classname="Academy_practice.E2Eproject_practice.AppTest"/>
</testsuite> <!-- Academy_practice.E2Eproject_practice.AppTest -->
