<?xml version="1.0" encoding="UTF-8"?>
<!-- Generated by org.testng.reporters.JUnitReportReporter -->
<testsuite skipped="0" hostname="HarshitMansukhJethvas-MacBook-Air.local" name="Academy_practice.E2Eproject_practice.HomePage" tests="1" failures="0" timestamp="27 Jun 2021 10:52:07 GMT" time="25.709" errors="0">
  <testcase name="basepagenavigation" time="25.709" classname="Academy_practice.E2Eproject_practice.HomePage"/>
</testsuite> <!-- Academy_practice.E2Eproject_practice.HomePage -->
